0 info it worked if it ends with ok
1 verbose cli [ '/usr/local/Cellar/node/5.5.0/bin/node',
1 verbose cli   '/usr/local/bin/npm',
1 verbose cli   'verison',
1 verbose cli   '1.2.1' ]
2 info using npm@3.9.6
3 info using node@v5.5.0
4 info git [ 'status', '--porcelain' ]
5 verbose stack Error: Git working directory not clean.
5 verbose stack M README.md
5 verbose stack     at /usr/local/lib/node_modules/npm/lib/version.js:246:19
5 verbose stack     at ChildProcess.exithandler (child_process.js:204:7)
5 verbose stack     at emitTwo (events.js:100:13)
5 verbose stack     at ChildProcess.emit (events.js:185:7)
5 verbose stack     at maybeClose (internal/child_process.js:821:16)
5 verbose stack     at Socket.<anonymous> (internal/child_process.js:319:11)
5 verbose stack     at emitOne (events.js:90:13)
5 verbose stack     at Socket.emit (events.js:182:7)
5 verbose stack     at Pipe._onclose (net.js:469:12)
6 verbose cwd /Users/jq/npm/react-native-jq-file-select
7 error Darwin 16.1.0
8 error argv "/usr/local/Cellar/node/5.5.0/bin/node" "/usr/local/bin/npm" "verison" "1.2.1"
9 error node v5.5.0
10 error npm  v3.9.6
11 error Git working directory not clean.
11 error M README.md
12 error If you need help, you may report this error at:
12 error     <https://github.com/npm/npm/issues>
13 verbose exit [ 1, true ]
